<?xml version="1.0" encoding="UTF-8"?>
<testng-results ignored="0" total="1" passed="1" failed="0" skipped="0">
  <reporter-output>
  </reporter-output>
  <suite started-at="2025-09-08T18:06:31 IST" name="Default suite" finished-at="2025-09-08T18:07:00 IST" duration-ms="28918">
    <groups>
    </groups>
    <test started-at="2025-09-08T18:06:31 IST" name="Default test" finished-at="2025-09-08T18:07:00 IST" duration-ms="28918">
      <class name="com.capstone.test.EndtoEndTestCase5">
        <test-method is-config="true" signature="setupreport()[pri:0, instance:com.capstone.test.EndtoEndTestCase5@2a8448fa]" started-at="2025-09-08T18:06:30 IST" name="setupreport" finished-at="2025-09-08T18:06:31 IST" duration-ms="519" status="PASS">
          <reporter-output>
          </reporter-output>
        </test-method> <!-- setupreport -->
        <test-method is-config="true" signature="setup()[pri:0, instance:com.capstone.test.EndtoEndTestCase5@2a8448fa]" started-at="2025-09-08T18:06:31 IST" name="setup" finished-at="2025-09-08T18:06:35 IST" duration-ms="4191" status="PASS">
          <reporter-output>
          </reporter-output>
        </test-method> <!-- setup -->
        <test-method is-config="true" signature="beforeMethod()[pri:0, instance:com.capstone.test.EndtoEndTestCase5@2a8448fa]" started-at="2025-09-08T18:06:35 IST" name="beforeMethod" finished-at="2025-09-08T18:06:37 IST" duration-ms="1567" status="PASS">
          <reporter-output>
          </reporter-output>
        </test-method> <!-- beforeMethod -->
        <test-method signature="testCartCheckoutUpToConfirmOrder()[pri:0, instance:com.capstone.test.EndtoEndTestCase5@2a8448fa]" started-at="2025-09-08T18:06:37 IST" name="testCartCheckoutUpToConfirmOrder" finished-at="2025-09-08T18:06:59 IST" duration-ms="21965" status="PASS">
          <reporter-output>
          </reporter-output>
        </test-method> <!-- testCartCheckoutUpToConfirmOrder -->
        <test-method is-config="true" signature="afterMethod()[pri:0, instance:com.capstone.test.EndtoEndTestCase5@2a8448fa]" started-at="2025-09-08T18:06:59 IST" name="afterMethod" finished-at="2025-09-08T18:06:59 IST" duration-ms="536" status="PASS">
          <reporter-output>
          </reporter-output>
        </test-method> <!-- afterMethod -->
        <test-method is-config="true" signature="teardown()[pri:0, instance:com.capstone.test.EndtoEndTestCase5@2a8448fa]" started-at="2025-09-08T18:06:59 IST" name="teardown" finished-at="2025-09-08T18:07:00 IST" duration-ms="586" status="PASS">
          <reporter-output>
          </reporter-output>
        </test-method> <!-- teardown -->
        <test-method is-config="true" signature="flushreport()[pri:0, instance:com.capstone.test.EndtoEndTestCase5@2a8448fa]" started-at="2025-09-08T18:07:00 IST" name="flushreport" finished-at="2025-09-08T18:07:01 IST" duration-ms="1049" status="PASS">
          <reporter-output>
          </reporter-output>
        </test-method> <!-- flushreport -->
      </class> <!-- com.capstone.test.EndtoEndTestCase5 -->
    </test> <!-- Default test -->
  </suite> <!-- Default suite -->
</testng-results>
